<?xml version="1.0" encoding="UTF-8"?>
<!-- Generated by org.testng.reporters.JUnitReportReporter -->
<testsuite hostname="HP" failures="0" tests="1" name="testng.DatadrivenTest" time="70.729" errors="0" timestamp="2024-02-26T21:10:56 IST" skipped="0">
  <testcase classname="testng.DatadrivenTest" name="test" time="70.729"/>
  <system-out/>
</testsuite> <!-- testng.DatadrivenTest -->
