<?xml version="1.0" encoding="UTF-8"?>
<!-- Generated by org.testng.reporters.JUnitReportReporter -->
<testsuite hostname="HP" failures="0" tests="3" name="testng.Crossbrowsertesting" time="7.760" errors="0" timestamp="2024-02-20T23:05:12 IST" skipped="0">
  <testcase classname="testng.Crossbrowsertesting" name="test" time="2.123"/>
  <system-out/>
  <testcase classname="testng.Crossbrowsertesting" name="test" time="2.838"/>
  <system-out/>
  <testcase classname="testng.Crossbrowsertesting" name="test" time="2.799"/>
  <system-out/>
</testsuite> <!-- testng.Crossbrowsertesting -->
