<?xml version="1.0" encoding="UTF-8"?>
<!-- Generated by org.testng.reporters.JUnitReportReporter -->
<testsuite hostname="HP" failures="0" tests="1" name="testng.Loginvalidation" time="4.735" errors="0" timestamp="2024-02-26T22:56:26 IST" skipped="0">
  <testcase classname="testng.Loginvalidation" name="test" time="4.735"/>
  <system-out/>
</testsuite> <!-- testng.Loginvalidation -->
