<?xml version="1.0" encoding="UTF-8"?>
<!-- Generated by org.testng.reporters.JUnitReportReporter -->
<testsuite hostname="HP" failures="0" tests="1" name="testng.Automationsignup" time="6.189" errors="0" timestamp="2024-02-29T21:37:09 IST" skipped="0">
  <testcase classname="testng.Automationsignup" name="test" time="6.189"/>
  <system-out/>
</testsuite> <!-- testng.Automationsignup -->
