<?xml version="1.0" encoding="UTF-8"?>
<!-- Generated by org.testng.reporters.JUnitReportReporter -->
<testsuite hostname="HP" failures="0" tests="1" name="testng.Fileupload" time="0.289" errors="0" timestamp="2024-02-22T21:35:21 IST" skipped="0">
  <testcase classname="testng.Fileupload" name="test" time="0.289"/>
  <system-out/>
</testsuite> <!-- testng.Fileupload -->
