<?xml version="1.0" encoding="UTF-8"?>
<!-- Generated by org.testng.reporters.JUnitReportReporter -->
<testsuite hostname="HP" failures="0" tests="1" name="testng.Trivagodatepicker" time="0.836" errors="0" timestamp="2024-03-05T09:20:12 IST" skipped="0">
  <testcase classname="testng.Trivagodatepicker" name="test" time="0.836"/>
  <system-out/>
</testsuite> <!-- testng.Trivagodatepicker -->
