<?xml version="1.0" encoding="UTF-8"?>
<!-- Generated by org.testng.reporters.JUnitReportReporter -->
<testsuite hostname="HP" failures="0" tests="1" name="junitpkg.Trivagodatepicker" time="1.008" errors="0" timestamp="2024-03-05T09:00:37 IST" skipped="0">
  <testcase classname="junitpkg.Trivagodatepicker" name="test" time="1.008"/>
  <system-out/>
</testsuite> <!-- junitpkg.Trivagodatepicker -->
