<?xml version="1.0" encoding="UTF-8"?>
<!-- Generated by org.testng.reporters.JUnitReportReporter -->
<testsuite hostname="HP" failures="0" tests="1" name="testpkg.Fbcreatepagetest" time="4.380" errors="0" timestamp="2024-03-06T10:54:26 IST" skipped="0">
  <testcase classname="testpkg.Fbcreatepagetest" name="test" time="4.380"/>
  <system-out/>
</testsuite> <!-- testpkg.Fbcreatepagetest -->
