<?xml version="1.0" encoding="UTF-8"?>
<!-- Generated by org.testng.reporters.JUnitReportReporter -->
<testsuite hostname="HP" failures="0" tests="1" name="testng.Scrolldown" time="3.772" errors="0" timestamp="2024-02-28T10:34:31 IST" skipped="0">
  <testcase classname="testng.Scrolldown" name="test" time="3.772"/>
  <system-out/>
</testsuite> <!-- testng.Scrolldown -->
