<?xml version="1.0" encoding="UTF-8"?>
<!-- Generated by org.testng.reporters.JUnitReportReporter -->
<testsuite hostname="HP" failures="0" tests="1" name="testng.Draganddrop" time="1.470" errors="0" timestamp="2024-02-21T10:13:53 IST" skipped="0">
  <testcase classname="testng.Draganddrop" name="test" time="1.470"/>
  <system-out/>
</testsuite> <!-- testng.Draganddrop -->
