<?xml version="1.0" encoding="UTF-8"?>
<!-- Generated by org.testng.reporters.JUnitReportReporter -->
<testsuite hostname="HP" failures="0" tests="5" name="testng.RedifftestNG" time="26.236" errors="0" timestamp="2024-02-16T10:36:40 IST" skipped="1">
  <testcase classname="testng.RedifftestNG" name="createmyaccounttbutton" time="0.690"/>
  <system-out/>
  <testcase classname="testng.RedifftestNG" name="createmyaccounttextverification" time="0.630"/>
  <system-out/>
  <testcase classname="testng.RedifftestNG" name="logodisplay" time="0.739"/>
  <system-out/>
  <testcase classname="testng.RedifftestNG" name="titleverification" time="24.177"/>
  <system-out/>
  <testcase classname="testng.RedifftestNG" name="fullnametextverification">
    <skipped/>
  </testcase> <!-- fullnametextverification -->
  <system-out/>
</testsuite> <!-- testng.RedifftestNG -->
