<?xml version="1.0" encoding="UTF-8"?>
<!-- Generated by org.testng.reporters.JUnitReportReporter -->
<testsuite hostname="HP" failures="0" tests="1" name="testng.Parameterisation" time="0.008" errors="0" timestamp="2024-02-20T09:46:26 IST" skipped="0">
  <testcase classname="testng.Parameterisation" name="test" time="0.008"/>
  <system-out/>
</testsuite> <!-- testng.Parameterisation -->
