<?xml version="1.0" encoding="UTF-8"?>
<!-- Generated by org.testng.reporters.JUnitReportReporter -->
<testsuite hostname="HP" failures="0" tests="1" name="testng.Robotclassfileupload" time="6.158" errors="0" timestamp="2024-02-23T09:49:51 IST" skipped="0">
  <testcase classname="testng.Robotclassfileupload" name="Robotclass" time="6.158"/>
  <system-out/>
</testsuite> <!-- testng.Robotclassfileupload -->
