<?xml version="1.0" encoding="UTF-8"?>
<!-- Generated by org.testng.reporters.JUnitReportReporter -->
<testsuite hostname="HP" failures="0" tests="1" name="testpkg.Fblogintest" time="0.198" errors="0" timestamp="2024-03-06T10:04:29 IST" skipped="0">
  <testcase classname="testpkg.Fblogintest" name="test" time="0.198"/>
  <system-out/>
</testsuite> <!-- testpkg.Fblogintest -->
