<?xml version="1.0" encoding="UTF-8"?>
<!-- Generated by org.testng.reporters.JUnitReportReporter -->
<testsuite hostname="HP" failures="0" tests="1" name="testng.Datepicker" time="8.815" errors="0" timestamp="2024-03-01T10:17:44 IST" skipped="0">
  <testcase classname="testng.Datepicker" name="test" time="8.815"/>
  <system-out/>
</testsuite> <!-- testng.Datepicker -->
