<?xml version="1.0" encoding="UTF-8"?>
<!-- Generated by org.testng.reporters.JUnitReportReporter -->
<testsuite hostname="HP" failures="0" tests="1" name="testng.Copypaste" time="0.623" errors="0" timestamp="2024-02-21T09:43:44 IST" skipped="0">
  <testcase classname="testng.Copypaste" name="test" time="0.623"/>
  <system-out/>
</testsuite> <!-- testng.Copypaste -->
