<?xml version="1.0" encoding="UTF-8"?>
<!-- Generated by org.testng.reporters.JUnitReportReporter -->
<testsuite hostname="HP" failures="0" tests="1" name="testng.Ebaymousehover" time="4.458" errors="0" timestamp="2024-02-28T21:38:05 IST" skipped="0">
  <testcase classname="testng.Ebaymousehover" name="test" time="4.458"/>
  <system-out/>
</testsuite> <!-- testng.Ebaymousehover -->
