<?xml version="1.0" encoding="UTF-8"?>
<!-- Generated by org.testng.reporters.JUnitReportReporter -->
<testsuite hostname="HP" failures="0" tests="1" name="testng.Multiplewindowhandle" time="6.922" errors="0" timestamp="2024-02-27T22:17:28 IST" skipped="0">
  <testcase classname="testng.Multiplewindowhandle" name="test" time="6.922"/>
  <system-out/>
</testsuite> <!-- testng.Multiplewindowhandle -->
