<?xml version="1.0" encoding="UTF-8"?>
<!-- Generated by org.testng.reporters.JUnitReportReporter -->
<testsuite hostname="HP" failures="0" tests="1" name="testng.rightclickanddoubleclick" time="0.706" errors="0" timestamp="2024-02-22T09:51:33 IST" skipped="0">
  <testcase classname="testng.rightclickanddoubleclick" name="test" time="0.706"/>
  <system-out/>
</testsuite> <!-- testng.rightclickanddoubleclick -->
