<?xml version="1.0" encoding="UTF-8"?>
<!-- Generated by org.testng.reporters.JUnitReportReporter -->
<testsuite hostname="HP" failures="0" tests="1" name="testng.AutoItfileUpload" time="6.098" errors="0" timestamp="2024-02-25T21:50:54 IST" skipped="0">
  <testcase classname="testng.AutoItfileUpload" name="main" time="6.098"/>
  <system-out/>
</testsuite> <!-- testng.AutoItfileUpload -->
