<?xml version="1.0" encoding="UTF-8"?>
<!-- Generated by org.testng.reporters.JUnitReportReporter -->
<testsuite hostname="HP" failures="0" tests="1" name="testng.Facebookloginuserneame" time="1.413" errors="0" timestamp="2024-02-20T10:27:54 IST" skipped="0">
  <testcase classname="testng.Facebookloginuserneame" name="login" time="1.413"/>
  <system-out/>
</testsuite> <!-- testng.Facebookloginuserneame -->
