<?xml version="1.0" encoding="UTF-8"?>
<!-- Generated by org.testng.reporters.JUnitReportReporter -->
<testsuite hostname="HP" failures="0" tests="1" name="testng.Notificationpopup" time="44.401" errors="0" timestamp="2024-02-28T10:54:19 IST" skipped="0">
  <testcase classname="testng.Notificationpopup" name="test" time="44.401"/>
  <system-out/>
</testsuite> <!-- testng.Notificationpopup -->
